<?xml version="1.0" encoding="UTF-8"?>
<testng-results ignored="0" total="1" passed="1" failed="0" skipped="0">
  <reporter-output>
  </reporter-output>
  <suite started-at="2023-10-29T13:41:55 EDT" name="Default suite" finished-at="2023-10-29T13:42:23 EDT" duration-ms="27856">
    <groups>
      <group name="cucumber">
        <method signature="AbstractTestNGCucumberTests.feature(cucumber.api.testng.CucumberFeatureWrapper)[pri:0, instance:Next_TestRunner.next_Testrunner@4e5ed836]" name="feature" class="cucumber.api.testng.AbstractTestNGCucumberTests"/>
      </group> <!-- cucumber -->
    </groups>
    <test started-at="2023-10-29T13:41:55 EDT" name="Default test" finished-at="2023-10-29T13:42:23 EDT" duration-ms="27856">
      <class name="Next_TestRunner.next_Testrunner">
        <test-method is-config="true" signature="nextStartURL()[pri:0, instance:Next_TestRunner.next_Testrunner@4e5ed836]" started-at="2023-10-29T13:41:55 EDT" name="nextStartURL" finished-at="2023-10-29T13:41:59 EDT" duration-ms="4561" status="PASS">
          <reporter-output>
          </reporter-output>
        </test-method> <!-- nextStartURL -->
        <test-method is-config="true" signature="setUpClass()[pri:0, instance:Next_TestRunner.next_Testrunner@4e5ed836]" started-at="2023-10-29T13:41:59 EDT" name="setUpClass" finished-at="2023-10-29T13:42:01 EDT" duration-ms="1140" status="PASS">
          <reporter-output>
          </reporter-output>
        </test-method> <!-- setUpClass -->
        <test-method signature="feature(cucumber.api.testng.CucumberFeatureWrapper)[pri:0, instance:Next_TestRunner.next_Testrunner@4e5ed836]" started-at="2023-10-29T13:42:01 EDT" name="feature" description="Runs Cucumber Feature" data-provider="features" finished-at="2023-10-29T13:42:20 EDT" duration-ms="18733" status="PASS">
          <params>
            <param index="0">
              <value>
                <![CDATA[This is a information feature]]>
              </value>
            </param>
          </params>
          <reporter-output>
          </reporter-output>
        </test-method> <!-- feature -->
        <test-method is-config="true" signature="tearDownClass()[pri:0, instance:Next_TestRunner.next_Testrunner@4e5ed836]" started-at="2023-10-29T13:42:20 EDT" name="tearDownClass" finished-at="2023-10-29T13:42:20 EDT" duration-ms="74" status="PASS">
          <reporter-output>
          </reporter-output>
        </test-method> <!-- tearDownClass -->
        <test-method is-config="true" signature="nextCloseURL()[pri:0, instance:Next_TestRunner.next_Testrunner@4e5ed836]" started-at="2023-10-29T13:42:20 EDT" name="nextCloseURL" finished-at="2023-10-29T13:42:23 EDT" duration-ms="2816" status="PASS">
          <reporter-output>
          </reporter-output>
        </test-method> <!-- nextCloseURL -->
      </class> <!-- Next_TestRunner.next_Testrunner -->
    </test> <!-- Default test -->
  </suite> <!-- Default suite -->
</testng-results>
